2025-06-12 04:16:46 [main] INFO  c.s.s.StudentProfileApplication - Starting StudentProfileApplication using Java 23.0.2 with PID 90697 (/Users/harshitabhambhani/Desktop/studentProfile/target/classes started by harshitabhambhani in /Users/harshitabhambhani/Desktop/studentProfile)
2025-06-12 04:16:46 [main] INFO  c.s.s.StudentProfileApplication - No active profile set, falling back to 1 default profile: "default"
2025-06-12 04:16:47 [main] INFO  o.s.b.w.e.tomcat.TomcatWebServer - Tomcat initialized with port 8081 (http)
2025-06-12 04:16:47 [main] INFO  o.a.coyote.http11.Http11NioProtocol - Initializing ProtocolHandler ["http-nio-8081"]
2025-06-12 04:16:47 [main] INFO  o.a.catalina.core.StandardService - Starting service [Tomcat]
2025-06-12 04:16:47 [main] INFO  o.a.catalina.core.StandardEngine - Starting Servlet engine: [Apache Tomcat/10.1.19]
2025-06-12 04:16:47 [main] INFO  o.a.c.c.C.[Tomcat].[localhost].[/] - Initializing Spring embedded WebApplicationContext
2025-06-12 04:16:47 [main] INFO  o.s.b.w.s.c.ServletWebServerApplicationContext - Root WebApplicationContext: initialization completed in 676 ms
2025-06-12 04:16:47 [main] WARN  o.s.b.w.s.c.AnnotationConfigServletWebServerApplicationContext - Exception encountered during context initialization - cancelling refresh attempt: org.springframework.beans.factory.UnsatisfiedDependencyException: Error creating bean with name 'userController' defined in file [/Users/harshitabhambhani/Desktop/studentProfile/target/classes/com/students/studentProfile/controller/UserController.class]: Unsatisfied dependency expressed through constructor parameter 2: No qualifying bean of type 'com.students.studentProfile.service.UserService' available: expected at least 1 bean which qualifies as autowire candidate. Dependency annotations: {}
2025-06-12 04:16:47 [main] INFO  o.a.catalina.core.StandardService - Stopping service [Tomcat]
2025-06-12 04:16:47 [main] INFO  o.s.b.a.l.ConditionEvaluationReportLogger - 

Error starting ApplicationContext. To display the condition evaluation report re-run your application with 'debug' enabled.
2025-06-12 04:16:47 [main] ERROR o.s.b.d.LoggingFailureAnalysisReporter - 

***************************
APPLICATION FAILED TO START
***************************

Description:

Parameter 2 of constructor in com.students.studentProfile.controller.UserController required a bean of type 'com.students.studentProfile.service.UserService' that could not be found.


Action:

Consider defining a bean of type 'com.students.studentProfile.service.UserService' in your configuration.

2025-06-12 04:17:15 [main] INFO  c.s.s.StudentProfileApplication - Starting StudentProfileApplication using Java 23.0.2 with PID 90923 (/Users/harshitabhambhani/Desktop/studentProfile/target/classes started by harshitabhambhani in /Users/harshitabhambhani/Desktop/studentProfile)
2025-06-12 04:17:15 [main] INFO  c.s.s.StudentProfileApplication - No active profile set, falling back to 1 default profile: "default"
2025-06-12 04:17:16 [main] INFO  o.s.b.w.e.tomcat.TomcatWebServer - Tomcat initialized with port 8081 (http)
2025-06-12 04:17:16 [main] INFO  o.a.coyote.http11.Http11NioProtocol - Initializing ProtocolHandler ["http-nio-8081"]
2025-06-12 04:17:16 [main] INFO  o.a.catalina.core.StandardService - Starting service [Tomcat]
2025-06-12 04:17:16 [main] INFO  o.a.catalina.core.StandardEngine - Starting Servlet engine: [Apache Tomcat/10.1.19]
2025-06-12 04:17:16 [main] INFO  o.a.c.c.C.[Tomcat].[localhost].[/] - Initializing Spring embedded WebApplicationContext
2025-06-12 04:17:16 [main] INFO  o.s.b.w.s.c.ServletWebServerApplicationContext - Root WebApplicationContext: initialization completed in 825 ms
2025-06-12 04:17:16 [main] WARN  o.s.b.w.s.c.AnnotationConfigServletWebServerApplicationContext - Exception encountered during context initialization - cancelling refresh attempt: org.springframework.beans.factory.UnsatisfiedDependencyException: Error creating bean with name 'userController' defined in file [/Users/harshitabhambhani/Desktop/studentProfile/target/classes/com/students/studentProfile/controller/UserController.class]: Unsatisfied dependency expressed through constructor parameter 2: No qualifying bean of type 'com.students.studentProfile.service.UserService' available: expected at least 1 bean which qualifies as autowire candidate. Dependency annotations: {}
2025-06-12 04:17:16 [main] INFO  o.a.catalina.core.StandardService - Stopping service [Tomcat]
2025-06-12 04:17:16 [main] INFO  o.s.b.a.l.ConditionEvaluationReportLogger - 

Error starting ApplicationContext. To display the condition evaluation report re-run your application with 'debug' enabled.
2025-06-12 04:17:16 [main] ERROR o.s.b.d.LoggingFailureAnalysisReporter - 

***************************
APPLICATION FAILED TO START
***************************

Description:

Parameter 2 of constructor in com.students.studentProfile.controller.UserController required a bean of type 'com.students.studentProfile.service.UserService' that could not be found.


Action:

Consider defining a bean of type 'com.students.studentProfile.service.UserService' in your configuration.

2025-06-12 04:17:44 [main] INFO  c.s.s.StudentProfileApplication - Starting StudentProfileApplication using Java 23.0.2 with PID 91249 (/Users/harshitabhambhani/Desktop/studentProfile/target/classes started by harshitabhambhani in /Users/harshitabhambhani/Desktop/studentProfile)
2025-06-12 04:17:44 [main] INFO  c.s.s.StudentProfileApplication - No active profile set, falling back to 1 default profile: "default"
2025-06-12 04:17:44 [main] INFO  o.s.b.w.e.tomcat.TomcatWebServer - Tomcat initialized with port 8081 (http)
2025-06-12 04:17:44 [main] INFO  o.a.coyote.http11.Http11NioProtocol - Initializing ProtocolHandler ["http-nio-8081"]
2025-06-12 04:17:44 [main] INFO  o.a.catalina.core.StandardService - Starting service [Tomcat]
2025-06-12 04:17:44 [main] INFO  o.a.catalina.core.StandardEngine - Starting Servlet engine: [Apache Tomcat/10.1.19]
2025-06-12 04:17:44 [main] INFO  o.a.c.c.C.[Tomcat].[localhost].[/] - Initializing Spring embedded WebApplicationContext
2025-06-12 04:17:44 [main] INFO  o.s.b.w.s.c.ServletWebServerApplicationContext - Root WebApplicationContext: initialization completed in 687 ms
2025-06-12 04:17:45 [main] INFO  c.s.s.config.SecurityConfig - Inside security filter chain
2025-06-12 04:17:45 [main] INFO  c.s.s.f.JwtAuthenticationFilter - inside constructor of auth filter
2025-06-12 04:17:45 [main] INFO  o.s.s.web.DefaultSecurityFilterChain - Will secure any request with [org.springframework.security.web.session.DisableEncodeUrlFilter@410fc508, org.springframework.security.web.context.request.async.WebAsyncManagerIntegrationFilter@4e17442f, org.springframework.security.web.context.SecurityContextHolderFilter@25699aa7, org.springframework.security.web.header.HeaderWriterFilter@111a7973, org.springframework.web.filter.CorsFilter@4f5c30b1, org.springframework.security.web.authentication.logout.LogoutFilter@6c5ca0b6, com.students.studentProfile.filters.JwtAuthenticationFilter@62e73ab6, com.students.studentProfile.filters.JwtValidationFilter@5d7f8467, org.springframework.security.web.savedrequest.RequestCacheAwareFilter@15369d73, org.springframework.security.web.servletapi.SecurityContextHolderAwareRequestFilter@1cde374, org.springframework.security.web.authentication.AnonymousAuthenticationFilter@29bd85db, org.springframework.security.web.session.SessionManagementFilter@78b0ec3a, org.springframework.security.web.access.ExceptionTranslationFilter@267891bf, org.springframework.security.web.access.intercept.AuthorizationFilter@35e74e08]
2025-06-12 04:17:45 [main] INFO  o.a.coyote.http11.Http11NioProtocol - Starting ProtocolHandler ["http-nio-8081"]
2025-06-12 04:17:45 [main] INFO  o.s.b.w.e.tomcat.TomcatWebServer - Tomcat started on port 8081 (http) with context path ''
2025-06-12 04:17:45 [main] INFO  c.s.s.StudentProfileApplication - Started StudentProfileApplication in 1.363 seconds (process running for 1.656)
2025-06-12 04:17:55 [http-nio-8081-exec-2] INFO  o.a.c.c.C.[Tomcat].[localhost].[/] - Initializing Spring DispatcherServlet 'dispatcherServlet'
2025-06-12 04:17:55 [http-nio-8081-exec-2] INFO  o.s.web.servlet.DispatcherServlet - Initializing Servlet 'dispatcherServlet'
2025-06-12 04:17:55 [http-nio-8081-exec-2] INFO  o.s.web.servlet.DispatcherServlet - Completed initialization in 1 ms
2025-06-12 04:17:55 [http-nio-8081-exec-2] INFO  c.s.s.f.JwtAuthenticationFilter - inside attempt authentication
2025-06-12 04:17:55 [http-nio-8081-exec-2] INFO  c.s.s.f.JwtAuthenticationFilter - credentials using ObjectMapper: com.students.studentProfile.model.User@15f75049
2025-06-12 04:17:55 [http-nio-8081-exec-2] INFO  com.zaxxer.hikari.HikariDataSource - HikariPool-1 - Starting...
2025-06-12 04:17:55 [http-nio-8081-exec-2] INFO  com.zaxxer.hikari.pool.HikariPool - HikariPool-1 - Added connection com.mysql.cj.jdbc.ConnectionImpl@5c5844b5
2025-06-12 04:17:55 [http-nio-8081-exec-2] INFO  com.zaxxer.hikari.HikariDataSource - HikariPool-1 - Start completed.
2025-06-12 04:17:55 [http-nio-8081-exec-2] INFO  c.s.s.f.JwtAuthenticationFilter - User details after successful authentication: org.springframework.security.core.userdetails.User [Username=user51, Password=[PROTECTED], Enabled=true, AccountNonExpired=true, CredentialsNonExpired=true, AccountNonLocked=true, Granted Authorities=[ROLE_TEACHER]]
2025-06-12 04:19:13 [SpringApplicationShutdownHook] INFO  com.zaxxer.hikari.HikariDataSource - HikariPool-1 - Shutdown initiated...
2025-06-12 04:19:13 [SpringApplicationShutdownHook] INFO  com.zaxxer.hikari.HikariDataSource - HikariPool-1 - Shutdown completed.
2025-06-12 04:19:14 [main] INFO  c.s.s.StudentProfileApplication - Starting StudentProfileApplication using Java 23.0.2 with PID 92106 (/Users/harshitabhambhani/Desktop/studentProfile/target/classes started by harshitabhambhani in /Users/harshitabhambhani/Desktop/studentProfile)
2025-06-12 04:19:14 [main] INFO  c.s.s.StudentProfileApplication - No active profile set, falling back to 1 default profile: "default"
2025-06-12 04:19:15 [main] INFO  o.s.b.w.e.tomcat.TomcatWebServer - Tomcat initialized with port 8080 (http)
2025-06-12 04:19:15 [main] INFO  o.a.coyote.http11.Http11NioProtocol - Initializing ProtocolHandler ["http-nio-8080"]
2025-06-12 04:19:15 [main] INFO  o.a.catalina.core.StandardService - Starting service [Tomcat]
2025-06-12 04:19:15 [main] INFO  o.a.catalina.core.StandardEngine - Starting Servlet engine: [Apache Tomcat/10.1.19]
2025-06-12 04:19:15 [main] INFO  o.a.c.c.C.[Tomcat].[localhost].[/] - Initializing Spring embedded WebApplicationContext
2025-06-12 04:19:15 [main] INFO  o.s.b.w.s.c.ServletWebServerApplicationContext - Root WebApplicationContext: initialization completed in 665 ms
2025-06-12 04:19:15 [main] INFO  c.s.s.config.SecurityConfig - Inside security filter chain
2025-06-12 04:19:15 [main] INFO  c.s.s.f.JwtAuthenticationFilter - inside constructor of auth filter
2025-06-12 04:19:15 [main] INFO  o.s.s.web.DefaultSecurityFilterChain - Will secure any request with [org.springframework.security.web.session.DisableEncodeUrlFilter@59b492ec, org.springframework.security.web.context.request.async.WebAsyncManagerIntegrationFilter@55c1ced9, org.springframework.security.web.context.SecurityContextHolderFilter@6c8efde4, org.springframework.security.web.header.HeaderWriterFilter@388be5fd, org.springframework.web.filter.CorsFilter@49cc9b2a, org.springframework.security.web.authentication.logout.LogoutFilter@7b5021d1, com.students.studentProfile.filters.JwtAuthenticationFilter@11826398, com.students.studentProfile.filters.JwtValidationFilter@6c5ca0b6, org.springframework.security.web.savedrequest.RequestCacheAwareFilter@3b170235, org.springframework.security.web.servletapi.SecurityContextHolderAwareRequestFilter@5e9bf744, org.springframework.security.web.authentication.AnonymousAuthenticationFilter@37b01ce2, org.springframework.security.web.session.SessionManagementFilter@17fbfb02, org.springframework.security.web.access.ExceptionTranslationFilter@7c0df4ab, org.springframework.security.web.access.intercept.AuthorizationFilter@4e48462d]
2025-06-12 04:19:15 [main] INFO  o.a.coyote.http11.Http11NioProtocol - Starting ProtocolHandler ["http-nio-8080"]
2025-06-12 04:19:15 [main] INFO  o.s.b.w.e.tomcat.TomcatWebServer - Tomcat started on port 8080 (http) with context path ''
2025-06-12 04:19:15 [main] INFO  c.s.s.StudentProfileApplication - Started StudentProfileApplication in 1.366 seconds (process running for 1.672)
2025-06-12 04:19:21 [http-nio-8080-exec-2] INFO  o.a.c.c.C.[Tomcat].[localhost].[/] - Initializing Spring DispatcherServlet 'dispatcherServlet'
2025-06-12 04:19:21 [http-nio-8080-exec-2] INFO  o.s.web.servlet.DispatcherServlet - Initializing Servlet 'dispatcherServlet'
2025-06-12 04:19:21 [http-nio-8080-exec-2] INFO  o.s.web.servlet.DispatcherServlet - Completed initialization in 2 ms
2025-06-12 04:19:32 [http-nio-8080-exec-3] INFO  c.s.s.filters.JwtValidationFilter -  jwt token eyJhbGciOiJIUzI1NiJ9.eyJzdWIiOiJ1c2VyNTEiLCJyb2xlcyI6WyJST0xFX1RFQUNIRVIiXSwiaWF0IjoxNzQ5NjgyMDc1LCJleHAiOjE3NDk2ODI2NzV9.l71j--ACClRbrqnzbkQVli-v_3dS89-YdvjY3fjrUFA
2025-06-12 04:19:32 [http-nio-8080-exec-3] INFO  c.s.s.utils.JwtTokenProvider - username user51
2025-06-12 04:19:32 [http-nio-8080-exec-3] INFO  com.zaxxer.hikari.HikariDataSource - HikariPool-1 - Starting...
2025-06-12 04:19:32 [http-nio-8080-exec-3] INFO  com.zaxxer.hikari.pool.HikariPool - HikariPool-1 - Added connection com.mysql.cj.jdbc.ConnectionImpl@73c53968
2025-06-12 04:19:32 [http-nio-8080-exec-3] INFO  com.zaxxer.hikari.HikariDataSource - HikariPool-1 - Start completed.
2025-06-12 04:19:32 [http-nio-8080-exec-3] INFO  c.s.s.filters.JwtValidationFilter - authentication:UsernamePasswordAuthenticationToken [Principal=org.springframework.security.core.userdetails.User [Username=user51, Password=[PROTECTED], Enabled=true, AccountNonExpired=true, CredentialsNonExpired=true, AccountNonLocked=true, Granted Authorities=[ROLE_TEACHER]], Credentials=[PROTECTED], Authenticated=true, Details=null, Granted Authorities=[ROLE_TEACHER]]
2025-06-12 04:19:32 [http-nio-8080-exec-3] INFO  c.s.s.config.LoggingFilter - logging incoming request: 0:0:0:0:0:0:0:1
2025-06-12 04:19:32 [http-nio-8080-exec-3] INFO  c.s.s.repository.StudentRepository - offset is: 3
2025-06-12 04:19:46 [http-nio-8080-exec-4] INFO  c.s.s.filters.JwtValidationFilter -  jwt token eyJhbGciOiJIUzI1NiJ9.eyJzdWIiOiJ1c2VyNTEiLCJyb2xlcyI6WyJST0xFX1RFQUNIRVIiXSwiaWF0IjoxNzQ5NjgyMDc1LCJleHAiOjE3NDk2ODI2NzV9.l71j--ACClRbrqnzbkQVli-v_3dS89-YdvjY3fjrUFA
2025-06-12 04:19:46 [http-nio-8080-exec-4] INFO  c.s.s.utils.JwtTokenProvider - username user51
2025-06-12 04:19:46 [http-nio-8080-exec-4] INFO  c.s.s.filters.JwtValidationFilter - authentication:UsernamePasswordAuthenticationToken [Principal=org.springframework.security.core.userdetails.User [Username=user51, Password=[PROTECTED], Enabled=true, AccountNonExpired=true, CredentialsNonExpired=true, AccountNonLocked=true, Granted Authorities=[ROLE_TEACHER]], Credentials=[PROTECTED], Authenticated=true, Details=null, Granted Authorities=[ROLE_TEACHER]]
2025-06-12 04:19:46 [http-nio-8080-exec-4] INFO  c.s.s.config.LoggingFilter - logging incoming request: 0:0:0:0:0:0:0:1
2025-06-12 04:19:46 [http-nio-8080-exec-4] INFO  c.s.s.repository.StudentRepository - offset is: 0
2025-06-12 04:20:07 [SpringApplicationShutdownHook] INFO  com.zaxxer.hikari.HikariDataSource - HikariPool-1 - Shutdown initiated...
2025-06-12 04:20:07 [SpringApplicationShutdownHook] INFO  com.zaxxer.hikari.HikariDataSource - HikariPool-1 - Shutdown completed.
2025-06-12 04:37:23 [main] INFO  c.s.s.StudentProfileApplication - Starting StudentProfileApplication using Java 23.0.2 with PID 3360 (/Users/harshitabhambhani/Desktop/studentProfile/target/classes started by harshitabhambhani in /Users/harshitabhambhani/Desktop/studentProfile)
2025-06-12 04:37:23 [main] INFO  c.s.s.StudentProfileApplication - No active profile set, falling back to 1 default profile: "default"
2025-06-12 04:37:24 [main] INFO  o.s.b.w.e.tomcat.TomcatWebServer - Tomcat initialized with port 8081 (http)
2025-06-12 04:37:24 [main] INFO  o.a.coyote.http11.Http11NioProtocol - Initializing ProtocolHandler ["http-nio-8081"]
2025-06-12 04:37:24 [main] INFO  o.a.catalina.core.StandardService - Starting service [Tomcat]
2025-06-12 04:37:24 [main] INFO  o.a.catalina.core.StandardEngine - Starting Servlet engine: [Apache Tomcat/10.1.19]
2025-06-12 04:37:24 [main] INFO  o.a.c.c.C.[Tomcat].[localhost].[/] - Initializing Spring embedded WebApplicationContext
2025-06-12 04:37:24 [main] INFO  o.s.b.w.s.c.ServletWebServerApplicationContext - Root WebApplicationContext: initialization completed in 730 ms
2025-06-12 04:37:24 [main] INFO  c.s.s.config.SecurityConfig - Inside security filter chain
2025-06-12 04:37:24 [main] INFO  c.s.s.f.JwtAuthenticationFilter - inside constructor of auth filter
2025-06-12 04:37:24 [main] INFO  o.s.s.web.DefaultSecurityFilterChain - Will secure any request with [org.springframework.security.web.session.DisableEncodeUrlFilter@5c234920, org.springframework.security.web.context.request.async.WebAsyncManagerIntegrationFilter@7ddeb27f, org.springframework.security.web.context.SecurityContextHolderFilter@4662752a, org.springframework.security.web.header.HeaderWriterFilter@15369d73, org.springframework.web.filter.CorsFilter@38087342, org.springframework.security.web.authentication.logout.LogoutFilter@45287377, com.students.studentProfile.filters.JwtAuthenticationFilter@681de87f, com.students.studentProfile.filters.JwtValidationFilter@2eb1c615, org.springframework.security.web.savedrequest.RequestCacheAwareFilter@514377fc, org.springframework.security.web.servletapi.SecurityContextHolderAwareRequestFilter@2e4eda17, org.springframework.security.web.authentication.AnonymousAuthenticationFilter@2674d4f6, org.springframework.security.web.session.SessionManagementFilter@6818fd48, org.springframework.security.web.access.ExceptionTranslationFilter@25699aa7, org.springframework.security.web.access.intercept.AuthorizationFilter@5d7f8467]
2025-06-12 04:37:24 [main] INFO  o.a.coyote.http11.Http11NioProtocol - Starting ProtocolHandler ["http-nio-8081"]
2025-06-12 04:37:24 [main] INFO  o.s.b.w.e.tomcat.TomcatWebServer - Tomcat started on port 8081 (http) with context path ''
2025-06-12 04:37:24 [main] INFO  c.s.s.StudentProfileApplication - Started StudentProfileApplication in 1.409 seconds (process running for 1.804)
2025-06-12 04:41:07 [main] INFO  c.s.s.StudentProfileApplication - Starting StudentProfileApplication using Java 23.0.2 with PID 5754 (/Users/harshitabhambhani/Desktop/studentProfile/target/classes started by harshitabhambhani in /Users/harshitabhambhani/Desktop/studentProfile)
2025-06-12 04:41:07 [main] INFO  c.s.s.StudentProfileApplication - No active profile set, falling back to 1 default profile: "default"
2025-06-12 04:41:08 [main] INFO  o.s.b.w.e.tomcat.TomcatWebServer - Tomcat initialized with port 8081 (http)
2025-06-12 04:41:08 [main] INFO  o.a.coyote.http11.Http11NioProtocol - Initializing ProtocolHandler ["http-nio-8081"]
2025-06-12 04:41:08 [main] INFO  o.a.catalina.core.StandardService - Starting service [Tomcat]
2025-06-12 04:41:08 [main] INFO  o.a.catalina.core.StandardEngine - Starting Servlet engine: [Apache Tomcat/10.1.19]
2025-06-12 04:41:08 [main] INFO  o.a.c.c.C.[Tomcat].[localhost].[/] - Initializing Spring embedded WebApplicationContext
2025-06-12 04:41:08 [main] INFO  o.s.b.w.s.c.ServletWebServerApplicationContext - Root WebApplicationContext: initialization completed in 674 ms
2025-06-12 04:41:08 [main] INFO  c.s.s.config.SecurityConfig - Inside security filter chain
2025-06-12 04:41:08 [main] INFO  c.s.s.f.JwtAuthenticationFilter - inside constructor of auth filter
2025-06-12 04:41:08 [main] INFO  o.s.s.web.DefaultSecurityFilterChain - Will secure any request with [org.springframework.security.web.session.DisableEncodeUrlFilter@29bd85db, org.springframework.security.web.context.request.async.WebAsyncManagerIntegrationFilter@7caf1e5, org.springframework.security.web.context.SecurityContextHolderFilter@9263c54, org.springframework.security.web.header.HeaderWriterFilter@25699aa7, org.springframework.web.filter.CorsFilter@5c234920, org.springframework.security.web.authentication.logout.LogoutFilter@26a4f9ed, com.students.studentProfile.filters.JwtAuthenticationFilter@7ddeb27f, com.students.studentProfile.filters.JwtValidationFilter@38087342, org.springframework.security.web.savedrequest.RequestCacheAwareFilter@4662752a, org.springframework.security.web.servletapi.SecurityContextHolderAwareRequestFilter@693f2213, org.springframework.security.web.authentication.AnonymousAuthenticationFilter@681de87f, org.springframework.security.web.session.SessionManagementFilter@15369d73, org.springframework.security.web.access.ExceptionTranslationFilter@46612bfc, org.springframework.security.web.access.intercept.AuthorizationFilter@4f5c30b1]
2025-06-12 04:41:08 [main] INFO  o.a.coyote.http11.Http11NioProtocol - Starting ProtocolHandler ["http-nio-8081"]
2025-06-12 04:41:08 [main] INFO  o.s.b.w.e.tomcat.TomcatWebServer - Tomcat started on port 8081 (http) with context path ''
2025-06-12 04:41:08 [main] INFO  c.s.s.StudentProfileApplication - Started StudentProfileApplication in 1.338 seconds (process running for 1.682)
2025-06-12 04:41:14 [http-nio-8081-exec-1] INFO  o.a.c.c.C.[Tomcat].[localhost].[/] - Initializing Spring DispatcherServlet 'dispatcherServlet'
2025-06-12 04:41:14 [http-nio-8081-exec-1] INFO  o.s.web.servlet.DispatcherServlet - Initializing Servlet 'dispatcherServlet'
2025-06-12 04:41:14 [http-nio-8081-exec-1] INFO  o.s.web.servlet.DispatcherServlet - Completed initialization in 1 ms
2025-06-12 04:41:14 [http-nio-8081-exec-1] INFO  c.s.s.filters.JwtValidationFilter -  jwt token eyJhbGciOiJIUzI1NiJ9.eyJzdWIiOiJ1c2VyNTEiLCJyb2xlcyI6WyJST0xFX1RFQUNIRVIiXSwiaWF0IjoxNzQ5NjgyMDc1LCJleHAiOjE3NDk2ODI2NzV9.l71j--ACClRbrqnzbkQVli-v_3dS89-YdvjY3fjrUFA
2025-06-12 04:41:14 [http-nio-8081-exec-1] ERROR c.s.s.utils.JwtTokenProvider - Invalid JWT token: JWT expired at 2025-06-11T22:57:55Z. Current time: 2025-06-11T23:11:14Z, a difference of 799862 milliseconds.  Allowed clock skew: 0 milliseconds.
2025-06-12 04:41:14 [http-nio-8081-exec-1] INFO  c.s.s.filters.JwtValidationFilter -  jwt token eyJhbGciOiJIUzI1NiJ9.eyJzdWIiOiJ1c2VyNTEiLCJyb2xlcyI6WyJST0xFX1RFQUNIRVIiXSwiaWF0IjoxNzQ5NjgyMDc1LCJleHAiOjE3NDk2ODI2NzV9.l71j--ACClRbrqnzbkQVli-v_3dS89-YdvjY3fjrUFA
2025-06-12 04:41:14 [http-nio-8081-exec-1] ERROR c.s.s.utils.JwtTokenProvider - Invalid JWT token: JWT expired at 2025-06-11T22:57:55Z. Current time: 2025-06-11T23:11:14Z, a difference of 799868 milliseconds.  Allowed clock skew: 0 milliseconds.
2025-06-12 04:41:26 [http-nio-8081-exec-3] INFO  c.s.s.f.JwtAuthenticationFilter - inside attempt authentication
2025-06-12 04:41:26 [http-nio-8081-exec-3] INFO  c.s.s.f.JwtAuthenticationFilter - credentials using ObjectMapper: com.students.studentProfile.model.User@51b086a5
2025-06-12 04:41:26 [http-nio-8081-exec-3] INFO  com.zaxxer.hikari.HikariDataSource - HikariPool-1 - Starting...
2025-06-12 04:41:26 [http-nio-8081-exec-3] INFO  com.zaxxer.hikari.pool.HikariPool - HikariPool-1 - Added connection com.mysql.cj.jdbc.ConnectionImpl@64092f8
2025-06-12 04:41:26 [http-nio-8081-exec-3] INFO  com.zaxxer.hikari.HikariDataSource - HikariPool-1 - Start completed.
2025-06-12 04:41:26 [http-nio-8081-exec-3] INFO  c.s.s.f.JwtAuthenticationFilter - User details after successful authentication: org.springframework.security.core.userdetails.User [Username=user51, Password=[PROTECTED], Enabled=true, AccountNonExpired=true, CredentialsNonExpired=true, AccountNonLocked=true, Granted Authorities=[ROLE_TEACHER]]
2025-06-12 04:41:51 [http-nio-8081-exec-4] INFO  c.s.s.filters.JwtValidationFilter -  jwt token eyJhbGciOiJIUzI1NiJ9.eyJzdWIiOiJ1c2VyNTEiLCJyb2xlcyI6WyJST0xFX1RFQUNIRVIiXSwiaWF0IjoxNzQ5NjgzNDg2LCJleHAiOjE3NDk2ODQwODZ9.2Oes54XsQ45qYx9x9uJ3ZzKYRwg7lyGuYWq-u11i7qg
2025-06-12 04:41:51 [http-nio-8081-exec-4] INFO  c.s.s.utils.JwtTokenProvider - username user51
2025-06-12 04:41:51 [http-nio-8081-exec-4] INFO  c.s.s.filters.JwtValidationFilter - authentication:UsernamePasswordAuthenticationToken [Principal=org.springframework.security.core.userdetails.User [Username=user51, Password=[PROTECTED], Enabled=true, AccountNonExpired=true, CredentialsNonExpired=true, AccountNonLocked=true, Granted Authorities=[ROLE_TEACHER]], Credentials=[PROTECTED], Authenticated=true, Details=null, Granted Authorities=[ROLE_TEACHER]]
2025-06-12 04:41:51 [http-nio-8081-exec-4] INFO  c.s.s.config.LoggingFilter - logging incoming request: 0:0:0:0:0:0:0:1
2025-06-12 04:41:51 [http-nio-8081-exec-4] INFO  c.s.s.repository.StudentRepository - offset is: 0
