2025-02-16T23:53:43.231+05:30  INFO 49511 --- [studentProfile] [main] c.s.s.StudentProfileApplication          : Starting StudentProfileApplication using Java 23.0.1 with PID 49511 (/Users/harshitabhambhani/Desktop/studentProfile/target/classes started by harshitabhambhani in /Users/harshitabhambhani/Desktop/studentProfile)
2025-02-16T23:53:43.238+05:30 DEBUG 49511 --- [studentProfile] [main] c.s.s.StudentProfileApplication          : Running with Spring Boot v3.4.0, Spring v6.2.0
2025-02-16T23:53:43.238+05:30  INFO 49511 --- [studentProfile] [main] c.s.s.StudentProfileApplication          : No active profile set, falling back to 1 default profile: "default"
2025-02-16T23:53:44.044+05:30  INFO 49511 --- [studentProfile] [main] o.s.b.w.embedded.tomcat.TomcatWebServer  : Tomcat initialized with port 8080 (http)
2025-02-16T23:53:44.055+05:30  INFO 49511 --- [studentProfile] [main] o.apache.catalina.core.StandardService   : Starting service [Tomcat]
2025-02-16T23:53:44.056+05:30  INFO 49511 --- [studentProfile] [main] o.apache.catalina.core.StandardEngine    : Starting Servlet engine: [Apache Tomcat/10.1.33]
2025-02-16T23:53:44.085+05:30  INFO 49511 --- [studentProfile] [main] o.a.c.c.C.[Tomcat].[localhost].[/]       : Initializing Spring embedded WebApplicationContext
2025-02-16T23:53:44.085+05:30  INFO 49511 --- [studentProfile] [main] w.s.c.ServletWebServerApplicationContext : Root WebApplicationContext: initialization completed in 816 ms
2025-02-16T23:53:44.151+05:30  INFO 49511 --- [studentProfile] [main] c.s.s.config.SecurityConfig              : inside security config constructor
2025-02-16T23:53:44.314+05:30  INFO 49511 --- [studentProfile] [main] r$InitializeUserDetailsManagerConfigurer : Global AuthenticationManager configured with UserDetailsService bean with name userService
2025-02-16T23:53:44.337+05:30  INFO 49511 --- [studentProfile] [main] c.s.s.config.SecurityConfig              :  inside authentication manager
2025-02-16T23:53:44.469+05:30  INFO 49511 --- [studentProfile] [main] c.s.s.config.SecurityConfig              : inside security filter chain
2025-02-16T23:53:44.470+05:30  INFO 49511 --- [studentProfile] [main] c.s.s.config.SecurityConfig              : request matchers created
2025-02-16T23:53:44.473+05:30  INFO 49511 --- [studentProfile] [main] c.s.s.filters.JwtAuthenticationFilter    : inside constructor of auth filter
2025-02-16T23:53:44.474+05:30  INFO 49511 --- [studentProfile] [main] c.s.s.config.SecurityConfig              : auth filter created
2025-02-16T23:53:44.474+05:30  INFO 49511 --- [studentProfile] [main] c.s.s.config.SecurityConfig              : validation filter created
2025-02-16T23:53:44.648+05:30  INFO 49511 --- [studentProfile] [main] o.s.b.w.embedded.tomcat.TomcatWebServer  : Tomcat started on port 8080 (http) with context path '/'
2025-02-16T23:53:44.654+05:30  INFO 49511 --- [studentProfile] [main] c.s.s.StudentProfileApplication          : Started StudentProfileApplication in 1.711 seconds (process running for 1.972)
2025-02-16T23:54:37.518+05:30  INFO 49511 --- [studentProfile] [http-nio-8080-exec-2] o.a.c.c.C.[Tomcat].[localhost].[/]       : Initializing Spring DispatcherServlet 'dispatcherServlet'
2025-02-16T23:54:37.518+05:30  INFO 49511 --- [studentProfile] [http-nio-8080-exec-2] o.s.web.servlet.DispatcherServlet        : Initializing Servlet 'dispatcherServlet'
2025-02-16T23:54:37.519+05:30  INFO 49511 --- [studentProfile] [http-nio-8080-exec-2] o.s.web.servlet.DispatcherServlet        : Completed initialization in 1 ms
2025-02-16T23:54:37.535+05:30 TRACE 49511 --- [studentProfile] [http-nio-8080-exec-2] c.s.s.filters.JwtAuthenticationFilter    : Did not match request to Ant [pattern='/auth/login']
2025-02-16T23:54:37.536+05:30  INFO 49511 --- [studentProfile] [http-nio-8080-exec-2] c.s.s.filters.JwtValidationFilter        :  jwt token eyJhbGciOiJIUzI1NiJ9.eyJzdWIiOiJ1c2VyMTIiLCJyb2xlcyI6WyJST0xFX1VTRVIiXSwiaWF0IjoxNzM5MzQxOTI1LCJleHAiOjE3MzkzNDI1MjV9.O-8I9xNiqHFUB9LAZuuj1FGwEhQYXvzaVmKW2SmdZD0
2025-02-16T23:54:37.568+05:30 ERROR 49511 --- [studentProfile] [http-nio-8080-exec-2] c.s.s.utils.JwtTokenProvider             : Invalid JWT token: JWT expired at 2025-02-12T06:42:05Z. Current time: 2025-02-16T18:24:37Z, a difference of 387752568 milliseconds.  Allowed clock skew: 0 milliseconds.
2025-02-16T23:54:37.569+05:30 TRACE 49511 --- [studentProfile] [http-nio-8080-exec-2] c.s.s.filters.JwtValidationFilter        : Failed to process authentication request

com.students.studentProfile.filters.JwtValidationFilter$1: Invalid JWT token
	at com.students.studentProfile.filters.JwtValidationFilter.attemptAuthentication(JwtValidationFilter.java:56) ~[classes/:na]
	at org.springframework.security.web.authentication.AbstractAuthenticationProcessingFilter.doFilter(AbstractAuthenticationProcessingFilter.java:231) ~[spring-security-web-6.4.1.jar:6.4.1]
	at org.springframework.security.web.authentication.AbstractAuthenticationProcessingFilter.doFilter(AbstractAuthenticationProcessingFilter.java:221) ~[spring-security-web-6.4.1.jar:6.4.1]
	at org.springframework.security.web.FilterChainProxy$VirtualFilterChain.doFilter(FilterChainProxy.java:374) ~[spring-security-web-6.4.1.jar:6.4.1]
	at org.springframework.security.web.authentication.AbstractAuthenticationProcessingFilter.doFilter(AbstractAuthenticationProcessingFilter.java:227) ~[spring-security-web-6.4.1.jar:6.4.1]
	at org.springframework.security.web.authentication.AbstractAuthenticationProcessingFilter.doFilter(AbstractAuthenticationProcessingFilter.java:221) ~[spring-security-web-6.4.1.jar:6.4.1]
	at org.springframework.security.web.FilterChainProxy$VirtualFilterChain.doFilter(FilterChainProxy.java:374) ~[spring-security-web-6.4.1.jar:6.4.1]
	at org.springframework.security.web.authentication.logout.LogoutFilter.doFilter(LogoutFilter.java:107) ~[spring-security-web-6.4.1.jar:6.4.1]
	at org.springframework.security.web.authentication.logout.LogoutFilter.doFilter(LogoutFilter.java:93) ~[spring-security-web-6.4.1.jar:6.4.1]
	at org.springframework.security.web.FilterChainProxy$VirtualFilterChain.doFilter(FilterChainProxy.java:374) ~[spring-security-web-6.4.1.jar:6.4.1]
	at org.springframework.security.web.header.HeaderWriterFilter.doHeadersAfter(HeaderWriterFilter.java:90) ~[spring-security-web-6.4.1.jar:6.4.1]
	at org.springframework.security.web.header.HeaderWriterFilter.doFilterInternal(HeaderWriterFilter.java:75) ~[spring-security-web-6.4.1.jar:6.4.1]
	at org.springframework.web.filter.OncePerRequestFilter.doFilter(OncePerRequestFilter.java:116) ~[spring-web-6.2.0.jar:6.2.0]
	at org.springframework.security.web.FilterChainProxy$VirtualFilterChain.doFilter(FilterChainProxy.java:374) ~[spring-security-web-6.4.1.jar:6.4.1]
	at org.springframework.security.web.context.SecurityContextHolderFilter.doFilter(SecurityContextHolderFilter.java:82) ~[spring-security-web-6.4.1.jar:6.4.1]
	at org.springframework.security.web.context.SecurityContextHolderFilter.doFilter(SecurityContextHolderFilter.java:69) ~[spring-security-web-6.4.1.jar:6.4.1]
	at org.springframework.security.web.FilterChainProxy$VirtualFilterChain.doFilter(FilterChainProxy.java:374) ~[spring-security-web-6.4.1.jar:6.4.1]
	at org.springframework.security.web.context.request.async.WebAsyncManagerIntegrationFilter.doFilterInternal(WebAsyncManagerIntegrationFilter.java:62) ~[spring-security-web-6.4.1.jar:6.4.1]
	at org.springframework.web.filter.OncePerRequestFilter.doFilter(OncePerRequestFilter.java:116) ~[spring-web-6.2.0.jar:6.2.0]
	at org.springframework.security.web.FilterChainProxy$VirtualFilterChain.doFilter(FilterChainProxy.java:374) ~[spring-security-web-6.4.1.jar:6.4.1]
	at org.springframework.security.web.session.DisableEncodeUrlFilter.doFilterInternal(DisableEncodeUrlFilter.java:42) ~[spring-security-web-6.4.1.jar:6.4.1]
	at org.springframework.web.filter.OncePerRequestFilter.doFilter(OncePerRequestFilter.java:116) ~[spring-web-6.2.0.jar:6.2.0]
	at org.springframework.security.web.FilterChainProxy$VirtualFilterChain.doFilter(FilterChainProxy.java:374) ~[spring-security-web-6.4.1.jar:6.4.1]
	at org.springframework.security.web.FilterChainProxy.doFilterInternal(FilterChainProxy.java:233) ~[spring-security-web-6.4.1.jar:6.4.1]
	at org.springframework.security.web.FilterChainProxy.doFilter(FilterChainProxy.java:191) ~[spring-security-web-6.4.1.jar:6.4.1]
	at org.springframework.web.filter.CompositeFilter$VirtualFilterChain.doFilter(CompositeFilter.java:113) ~[spring-web-6.2.0.jar:6.2.0]
	at org.springframework.web.servlet.handler.HandlerMappingIntrospector.lambda$createCacheFilter$3(HandlerMappingIntrospector.java:243) ~[spring-webmvc-6.2.0.jar:6.2.0]
	at org.springframework.web.filter.CompositeFilter$VirtualFilterChain.doFilter(CompositeFilter.java:113) ~[spring-web-6.2.0.jar:6.2.0]
	at org.springframework.web.filter.CompositeFilter.doFilter(CompositeFilter.java:74) ~[spring-web-6.2.0.jar:6.2.0]
	at org.springframework.security.config.annotation.web.configuration.WebMvcSecurityConfiguration$CompositeFilterChainProxy.doFilter(WebMvcSecurityConfiguration.java:238) ~[spring-security-config-6.4.1.jar:6.4.1]
	at org.springframework.web.filter.DelegatingFilterProxy.invokeDelegate(DelegatingFilterProxy.java:362) ~[spring-web-6.2.0.jar:6.2.0]
	at org.springframework.web.filter.DelegatingFilterProxy.doFilter(DelegatingFilterProxy.java:278) ~[spring-web-6.2.0.jar:6.2.0]
	at org.apache.catalina.core.ApplicationFilterChain.internalDoFilter(ApplicationFilterChain.java:164) ~[tomcat-embed-core-10.1.33.jar:10.1.33]
	at org.apache.catalina.core.ApplicationFilterChain.doFilter(ApplicationFilterChain.java:140) ~[tomcat-embed-core-10.1.33.jar:10.1.33]
	at org.springframework.web.filter.RequestContextFilter.doFilterInternal(RequestContextFilter.java:100) ~[spring-web-6.2.0.jar:6.2.0]
	at org.springframework.web.filter.OncePerRequestFilter.doFilter(OncePerRequestFilter.java:116) ~[spring-web-6.2.0.jar:6.2.0]
	at org.apache.catalina.core.ApplicationFilterChain.internalDoFilter(ApplicationFilterChain.java:164) ~[tomcat-embed-core-10.1.33.jar:10.1.33]
	at org.apache.catalina.core.ApplicationFilterChain.doFilter(ApplicationFilterChain.java:140) ~[tomcat-embed-core-10.1.33.jar:10.1.33]
	at org.springframework.web.filter.FormContentFilter.doFilterInternal(FormContentFilter.java:93) ~[spring-web-6.2.0.jar:6.2.0]
	at org.springframework.web.filter.OncePerRequestFilter.doFilter(OncePerRequestFilter.java:116) ~[spring-web-6.2.0.jar:6.2.0]
	at org.apache.catalina.core.ApplicationFilterChain.internalDoFilter(ApplicationFilterChain.java:164) ~[tomcat-embed-core-10.1.33.jar:10.1.33]
	at org.apache.catalina.core.ApplicationFilterChain.doFilter(ApplicationFilterChain.java:140) ~[tomcat-embed-core-10.1.33.jar:10.1.33]
	at org.springframework.web.filter.CharacterEncodingFilter.doFilterInternal(CharacterEncodingFilter.java:201) ~[spring-web-6.2.0.jar:6.2.0]
	at org.springframework.web.filter.OncePerRequestFilter.doFilter(OncePerRequestFilter.java:116) ~[spring-web-6.2.0.jar:6.2.0]
	at org.apache.catalina.core.ApplicationFilterChain.internalDoFilter(ApplicationFilterChain.java:164) ~[tomcat-embed-core-10.1.33.jar:10.1.33]
	at org.apache.catalina.core.ApplicationFilterChain.doFilter(ApplicationFilterChain.java:140) ~[tomcat-embed-core-10.1.33.jar:10.1.33]
	at org.apache.catalina.core.StandardWrapperValve.invoke(StandardWrapperValve.java:167) ~[tomcat-embed-core-10.1.33.jar:10.1.33]
	at org.apache.catalina.core.StandardContextValve.invoke(StandardContextValve.java:90) ~[tomcat-embed-core-10.1.33.jar:10.1.33]
	at org.apache.catalina.authenticator.AuthenticatorBase.invoke(AuthenticatorBase.java:483) ~[tomcat-embed-core-10.1.33.jar:10.1.33]
	at org.apache.catalina.core.StandardHostValve.invoke(StandardHostValve.java:115) ~[tomcat-embed-core-10.1.33.jar:10.1.33]
	at org.apache.catalina.valves.ErrorReportValve.invoke(ErrorReportValve.java:93) ~[tomcat-embed-core-10.1.33.jar:10.1.33]
	at org.apache.catalina.core.StandardEngineValve.invoke(StandardEngineValve.java:74) ~[tomcat-embed-core-10.1.33.jar:10.1.33]
	at org.apache.catalina.connector.CoyoteAdapter.service(CoyoteAdapter.java:344) ~[tomcat-embed-core-10.1.33.jar:10.1.33]
	at org.apache.coyote.http11.Http11Processor.service(Http11Processor.java:397) ~[tomcat-embed-core-10.1.33.jar:10.1.33]
	at org.apache.coyote.AbstractProcessorLight.process(AbstractProcessorLight.java:63) ~[tomcat-embed-core-10.1.33.jar:10.1.33]
	at org.apache.coyote.AbstractProtocol$ConnectionHandler.process(AbstractProtocol.java:905) ~[tomcat-embed-core-10.1.33.jar:10.1.33]
	at org.apache.tomcat.util.net.NioEndpoint$SocketProcessor.doRun(NioEndpoint.java:1741) ~[tomcat-embed-core-10.1.33.jar:10.1.33]
	at org.apache.tomcat.util.net.SocketProcessorBase.run(SocketProcessorBase.java:52) ~[tomcat-embed-core-10.1.33.jar:10.1.33]
	at org.apache.tomcat.util.threads.ThreadPoolExecutor.runWorker(ThreadPoolExecutor.java:1190) ~[tomcat-embed-core-10.1.33.jar:10.1.33]
	at org.apache.tomcat.util.threads.ThreadPoolExecutor$Worker.run(ThreadPoolExecutor.java:659) ~[tomcat-embed-core-10.1.33.jar:10.1.33]
	at org.apache.tomcat.util.threads.TaskThread$WrappingRunnable.run(TaskThread.java:63) ~[tomcat-embed-core-10.1.33.jar:10.1.33]
	at java.base/java.lang.Thread.run(Thread.java:1575) ~[na:na]

2025-02-16T23:54:37.572+05:30 TRACE 49511 --- [studentProfile] [http-nio-8080-exec-2] c.s.s.filters.JwtValidationFilter        : Cleared SecurityContextHolder
2025-02-16T23:54:37.572+05:30 TRACE 49511 --- [studentProfile] [http-nio-8080-exec-2] c.s.s.filters.JwtValidationFilter        : Handling authentication failure
2025-02-16T23:54:37.575+05:30 TRACE 49511 --- [studentProfile] [http-nio-8080-exec-2] c.s.s.filters.JwtAuthenticationFilter    : Did not match request to Ant [pattern='/auth/login']
2025-02-16T23:54:37.576+05:30  INFO 49511 --- [studentProfile] [http-nio-8080-exec-2] c.s.s.filters.JwtValidationFilter        :  jwt token eyJhbGciOiJIUzI1NiJ9.eyJzdWIiOiJ1c2VyMTIiLCJyb2xlcyI6WyJST0xFX1VTRVIiXSwiaWF0IjoxNzM5MzQxOTI1LCJleHAiOjE3MzkzNDI1MjV9.O-8I9xNiqHFUB9LAZuuj1FGwEhQYXvzaVmKW2SmdZD0
2025-02-16T23:54:37.577+05:30 ERROR 49511 --- [studentProfile] [http-nio-8080-exec-2] c.s.s.utils.JwtTokenProvider             : Invalid JWT token: JWT expired at 2025-02-12T06:42:05Z. Current time: 2025-02-16T18:24:37Z, a difference of 387752577 milliseconds.  Allowed clock skew: 0 milliseconds.
2025-02-16T23:54:37.577+05:30 TRACE 49511 --- [studentProfile] [http-nio-8080-exec-2] c.s.s.filters.JwtValidationFilter        : Failed to process authentication request

com.students.studentProfile.filters.JwtValidationFilter$1: Invalid JWT token
	at com.students.studentProfile.filters.JwtValidationFilter.attemptAuthentication(JwtValidationFilter.java:56) ~[classes/:na]
	at org.springframework.security.web.authentication.AbstractAuthenticationProcessingFilter.doFilter(AbstractAuthenticationProcessingFilter.java:231) ~[spring-security-web-6.4.1.jar:6.4.1]
	at org.springframework.security.web.authentication.AbstractAuthenticationProcessingFilter.doFilter(AbstractAuthenticationProcessingFilter.java:221) ~[spring-security-web-6.4.1.jar:6.4.1]
	at org.springframework.security.web.FilterChainProxy$VirtualFilterChain.doFilter(FilterChainProxy.java:374) ~[spring-security-web-6.4.1.jar:6.4.1]
	at org.springframework.security.web.authentication.AbstractAuthenticationProcessingFilter.doFilter(AbstractAuthenticationProcessingFilter.java:227) ~[spring-security-web-6.4.1.jar:6.4.1]
	at org.springframework.security.web.authentication.AbstractAuthenticationProcessingFilter.doFilter(AbstractAuthenticationProcessingFilter.java:221) ~[spring-security-web-6.4.1.jar:6.4.1]
	at org.springframework.security.web.FilterChainProxy$VirtualFilterChain.doFilter(FilterChainProxy.java:374) ~[spring-security-web-6.4.1.jar:6.4.1]
	at org.springframework.security.web.authentication.logout.LogoutFilter.doFilter(LogoutFilter.java:107) ~[spring-security-web-6.4.1.jar:6.4.1]
	at org.springframework.security.web.authentication.logout.LogoutFilter.doFilter(LogoutFilter.java:93) ~[spring-security-web-6.4.1.jar:6.4.1]
	at org.springframework.security.web.FilterChainProxy$VirtualFilterChain.doFilter(FilterChainProxy.java:374) ~[spring-security-web-6.4.1.jar:6.4.1]
	at org.springframework.web.filter.OncePerRequestFilter.doFilter(OncePerRequestFilter.java:101) ~[spring-web-6.2.0.jar:6.2.0]
	at org.springframework.security.web.FilterChainProxy$VirtualFilterChain.doFilter(FilterChainProxy.java:374) ~[spring-security-web-6.4.1.jar:6.4.1]
	at org.springframework.security.web.context.SecurityContextHolderFilter.doFilter(SecurityContextHolderFilter.java:82) ~[spring-security-web-6.4.1.jar:6.4.1]
	at org.springframework.security.web.context.SecurityContextHolderFilter.doFilter(SecurityContextHolderFilter.java:69) ~[spring-security-web-6.4.1.jar:6.4.1]
	at org.springframework.security.web.FilterChainProxy$VirtualFilterChain.doFilter(FilterChainProxy.java:374) ~[spring-security-web-6.4.1.jar:6.4.1]
	at org.springframework.web.filter.OncePerRequestFilter.doFilter(OncePerRequestFilter.java:101) ~[spring-web-6.2.0.jar:6.2.0]
	at org.springframework.security.web.FilterChainProxy$VirtualFilterChain.doFilter(FilterChainProxy.java:374) ~[spring-security-web-6.4.1.jar:6.4.1]
	at org.springframework.web.filter.OncePerRequestFilter.doFilter(OncePerRequestFilter.java:101) ~[spring-web-6.2.0.jar:6.2.0]
	at org.springframework.security.web.FilterChainProxy$VirtualFilterChain.doFilter(FilterChainProxy.java:374) ~[spring-security-web-6.4.1.jar:6.4.1]
	at org.springframework.security.web.FilterChainProxy.doFilterInternal(FilterChainProxy.java:233) ~[spring-security-web-6.4.1.jar:6.4.1]
	at org.springframework.security.web.FilterChainProxy.doFilter(FilterChainProxy.java:191) ~[spring-security-web-6.4.1.jar:6.4.1]
	at org.springframework.web.filter.CompositeFilter$VirtualFilterChain.doFilter(CompositeFilter.java:113) ~[spring-web-6.2.0.jar:6.2.0]
	at org.springframework.web.servlet.handler.HandlerMappingIntrospector.lambda$createCacheFilter$3(HandlerMappingIntrospector.java:243) ~[spring-webmvc-6.2.0.jar:6.2.0]
	at org.springframework.web.filter.CompositeFilter$VirtualFilterChain.doFilter(CompositeFilter.java:113) ~[spring-web-6.2.0.jar:6.2.0]
	at org.springframework.web.filter.CompositeFilter.doFilter(CompositeFilter.java:74) ~[spring-web-6.2.0.jar:6.2.0]
	at org.springframework.security.config.annotation.web.configuration.WebMvcSecurityConfiguration$CompositeFilterChainProxy.doFilter(WebMvcSecurityConfiguration.java:238) ~[spring-security-config-6.4.1.jar:6.4.1]
	at org.springframework.web.filter.DelegatingFilterProxy.invokeDelegate(DelegatingFilterProxy.java:362) ~[spring-web-6.2.0.jar:6.2.0]
	at org.springframework.web.filter.DelegatingFilterProxy.doFilter(DelegatingFilterProxy.java:278) ~[spring-web-6.2.0.jar:6.2.0]
	at org.apache.catalina.core.ApplicationFilterChain.internalDoFilter(ApplicationFilterChain.java:164) ~[tomcat-embed-core-10.1.33.jar:10.1.33]
	at org.apache.catalina.core.ApplicationFilterChain.doFilter(ApplicationFilterChain.java:140) ~[tomcat-embed-core-10.1.33.jar:10.1.33]
	at org.springframework.web.filter.RequestContextFilter.doFilterInternal(RequestContextFilter.java:100) ~[spring-web-6.2.0.jar:6.2.0]
	at org.springframework.web.filter.OncePerRequestFilter.doFilter(OncePerRequestFilter.java:116) ~[spring-web-6.2.0.jar:6.2.0]
	at org.apache.catalina.core.ApplicationFilterChain.internalDoFilter(ApplicationFilterChain.java:164) ~[tomcat-embed-core-10.1.33.jar:10.1.33]
	at org.apache.catalina.core.ApplicationFilterChain.doFilter(ApplicationFilterChain.java:140) ~[tomcat-embed-core-10.1.33.jar:10.1.33]
	at org.springframework.web.filter.OncePerRequestFilter.doFilter(OncePerRequestFilter.java:101) ~[spring-web-6.2.0.jar:6.2.0]
	at org.apache.catalina.core.ApplicationFilterChain.internalDoFilter(ApplicationFilterChain.java:164) ~[tomcat-embed-core-10.1.33.jar:10.1.33]
	at org.apache.catalina.core.ApplicationFilterChain.doFilter(ApplicationFilterChain.java:140) ~[tomcat-embed-core-10.1.33.jar:10.1.33]
	at org.springframework.web.filter.OncePerRequestFilter.doFilter(OncePerRequestFilter.java:101) ~[spring-web-6.2.0.jar:6.2.0]
	at org.apache.catalina.core.ApplicationFilterChain.internalDoFilter(ApplicationFilterChain.java:164) ~[tomcat-embed-core-10.1.33.jar:10.1.33]
	at org.apache.catalina.core.ApplicationFilterChain.doFilter(ApplicationFilterChain.java:140) ~[tomcat-embed-core-10.1.33.jar:10.1.33]
	at org.apache.catalina.core.ApplicationDispatcher.invoke(ApplicationDispatcher.java:632) ~[tomcat-embed-core-10.1.33.jar:10.1.33]
	at org.apache.catalina.core.ApplicationDispatcher.processRequest(ApplicationDispatcher.java:410) ~[tomcat-embed-core-10.1.33.jar:10.1.33]
	at org.apache.catalina.core.ApplicationDispatcher.doForward(ApplicationDispatcher.java:330) ~[tomcat-embed-core-10.1.33.jar:10.1.33]
	at org.apache.catalina.core.ApplicationDispatcher.forward(ApplicationDispatcher.java:267) ~[tomcat-embed-core-10.1.33.jar:10.1.33]
	at org.apache.catalina.core.StandardHostValve.custom(StandardHostValve.java:362) ~[tomcat-embed-core-10.1.33.jar:10.1.33]
	at org.apache.catalina.core.StandardHostValve.status(StandardHostValve.java:222) ~[tomcat-embed-core-10.1.33.jar:10.1.33]
	at org.apache.catalina.core.StandardHostValve.invoke(StandardHostValve.java:151) ~[tomcat-embed-core-10.1.33.jar:10.1.33]
	at org.apache.catalina.valves.ErrorReportValve.invoke(ErrorReportValve.java:93) ~[tomcat-embed-core-10.1.33.jar:10.1.33]
	at org.apache.catalina.core.StandardEngineValve.invoke(StandardEngineValve.java:74) ~[tomcat-embed-core-10.1.33.jar:10.1.33]
	at org.apache.catalina.connector.CoyoteAdapter.service(CoyoteAdapter.java:344) ~[tomcat-embed-core-10.1.33.jar:10.1.33]
	at org.apache.coyote.http11.Http11Processor.service(Http11Processor.java:397) ~[tomcat-embed-core-10.1.33.jar:10.1.33]
	at org.apache.coyote.AbstractProcessorLight.process(AbstractProcessorLight.java:63) ~[tomcat-embed-core-10.1.33.jar:10.1.33]
	at org.apache.coyote.AbstractProtocol$ConnectionHandler.process(AbstractProtocol.java:905) ~[tomcat-embed-core-10.1.33.jar:10.1.33]
	at org.apache.tomcat.util.net.NioEndpoint$SocketProcessor.doRun(NioEndpoint.java:1741) ~[tomcat-embed-core-10.1.33.jar:10.1.33]
	at org.apache.tomcat.util.net.SocketProcessorBase.run(SocketProcessorBase.java:52) ~[tomcat-embed-core-10.1.33.jar:10.1.33]
	at org.apache.tomcat.util.threads.ThreadPoolExecutor.runWorker(ThreadPoolExecutor.java:1190) ~[tomcat-embed-core-10.1.33.jar:10.1.33]
	at org.apache.tomcat.util.threads.ThreadPoolExecutor$Worker.run(ThreadPoolExecutor.java:659) ~[tomcat-embed-core-10.1.33.jar:10.1.33]
	at org.apache.tomcat.util.threads.TaskThread$WrappingRunnable.run(TaskThread.java:63) ~[tomcat-embed-core-10.1.33.jar:10.1.33]
	at java.base/java.lang.Thread.run(Thread.java:1575) ~[na:na]

2025-02-16T23:54:37.577+05:30 TRACE 49511 --- [studentProfile] [http-nio-8080-exec-2] c.s.s.filters.JwtValidationFilter        : Cleared SecurityContextHolder
2025-02-16T23:54:37.578+05:30 TRACE 49511 --- [studentProfile] [http-nio-8080-exec-2] c.s.s.filters.JwtValidationFilter        : Handling authentication failure
2025-02-16T23:54:48.488+05:30  INFO 49511 --- [studentProfile] [http-nio-8080-exec-3] c.s.s.filters.JwtAuthenticationFilter    : inside attempt authentication
2025-02-16T23:54:48.518+05:30  INFO 49511 --- [studentProfile] [http-nio-8080-exec-3] c.s.s.filters.JwtAuthenticationFilter    : credentials using ObjectMapper: com.students.studentProfile.model.User@c224024
2025-02-16T23:54:48.619+05:30  INFO 49511 --- [studentProfile] [http-nio-8080-exec-3] com.zaxxer.hikari.HikariDataSource       : HikariPool-1 - Starting...
2025-02-16T23:54:48.831+05:30  INFO 49511 --- [studentProfile] [http-nio-8080-exec-3] com.zaxxer.hikari.pool.HikariPool        : HikariPool-1 - Added connection com.mysql.cj.jdbc.ConnectionImpl@17c10339
2025-02-16T23:54:48.832+05:30  INFO 49511 --- [studentProfile] [http-nio-8080-exec-3] com.zaxxer.hikari.HikariDataSource       : HikariPool-1 - Start completed.
2025-02-16T23:54:48.932+05:30  INFO 49511 --- [studentProfile] [http-nio-8080-exec-3] c.s.s.filters.JwtAuthenticationFilter    : User details after successful authentication: org.springframework.security.core.userdetails.User [Username=user12, Password=[PROTECTED], Enabled=true, AccountNonExpired=true, CredentialsNonExpired=true, AccountNonLocked=true, Granted Authorities=[ROLE_USER]]
2025-02-16T23:54:59.407+05:30 TRACE 49511 --- [studentProfile] [http-nio-8080-exec-4] c.s.s.filters.JwtAuthenticationFilter    : Did not match request to Ant [pattern='/auth/login']
2025-02-16T23:54:59.408+05:30  INFO 49511 --- [studentProfile] [http-nio-8080-exec-4] c.s.s.filters.JwtValidationFilter        :  jwt token eyJhbGciOiJIUzI1NiJ9.eyJzdWIiOiJ1c2VyMTIiLCJyb2xlcyI6WyJST0xFX1VTRVIiXSwiaWF0IjoxNzM5NzMwMjg4LCJleHAiOjE3Mzk3MzA4ODh9.qHW3QGG507BUjZEKi3KKYaT4qFd1psOJFO0FeRKZs90
2025-02-16T23:54:59.417+05:30  INFO 49511 --- [studentProfile] [http-nio-8080-exec-4] c.s.s.utils.JwtTokenProvider             : username user12
2025-02-16T23:54:59.421+05:30  INFO 49511 --- [studentProfile] [http-nio-8080-exec-4] c.s.s.filters.JwtValidationFilter        : authentication:UsernamePasswordAuthenticationToken [Principal=org.springframework.security.core.userdetails.User [Username=user12, Password=[PROTECTED], Enabled=true, AccountNonExpired=true, CredentialsNonExpired=true, AccountNonLocked=true, Granted Authorities=[ROLE_USER]], Credentials=[PROTECTED], Authenticated=true, Details=null, Granted Authorities=[ROLE_USER]]
2025-02-16T23:54:59.424+05:30 TRACE 49511 --- [studentProfile] [http-nio-8080-exec-4] c.s.s.filters.JwtAuthenticationFilter    : Did not match request to Ant [pattern='/auth/login']
2025-02-16T23:54:59.424+05:30  INFO 49511 --- [studentProfile] [http-nio-8080-exec-4] c.s.s.filters.JwtValidationFilter        :  jwt token eyJhbGciOiJIUzI1NiJ9.eyJzdWIiOiJ1c2VyMTIiLCJyb2xlcyI6WyJST0xFX1VTRVIiXSwiaWF0IjoxNzM5NzMwMjg4LCJleHAiOjE3Mzk3MzA4ODh9.qHW3QGG507BUjZEKi3KKYaT4qFd1psOJFO0FeRKZs90
2025-02-16T23:54:59.426+05:30  INFO 49511 --- [studentProfile] [http-nio-8080-exec-4] c.s.s.utils.JwtTokenProvider             : username user12
2025-02-16T23:54:59.427+05:30  INFO 49511 --- [studentProfile] [http-nio-8080-exec-4] c.s.s.filters.JwtValidationFilter        : authentication:UsernamePasswordAuthenticationToken [Principal=org.springframework.security.core.userdetails.User [Username=user12, Password=[PROTECTED], Enabled=true, AccountNonExpired=true, CredentialsNonExpired=true, AccountNonLocked=true, Granted Authorities=[ROLE_USER]], Credentials=[PROTECTED], Authenticated=true, Details=null, Granted Authorities=[ROLE_USER]]
2025-02-16T23:55:13.120+05:30  INFO 49511 --- [studentProfile] [http-nio-8080-exec-5] c.s.s.filters.JwtAuthenticationFilter    : inside attempt authentication
2025-02-16T23:55:13.123+05:30  INFO 49511 --- [studentProfile] [http-nio-8080-exec-5] c.s.s.filters.JwtAuthenticationFilter    : credentials using ObjectMapper: com.students.studentProfile.model.User@3b8a3bd1
2025-02-16T23:55:13.221+05:30  INFO 49511 --- [studentProfile] [http-nio-8080-exec-5] c.s.s.filters.JwtAuthenticationFilter    : User details after successful authentication: org.springframework.security.core.userdetails.User [Username=user11, Password=[PROTECTED], Enabled=true, AccountNonExpired=true, CredentialsNonExpired=true, AccountNonLocked=true, Granted Authorities=[ROLE_TEACHER]]
2025-02-16T23:55:28.008+05:30 TRACE 49511 --- [studentProfile] [http-nio-8080-exec-6] c.s.s.filters.JwtAuthenticationFilter    : Did not match request to Ant [pattern='/auth/login']
2025-02-16T23:55:28.008+05:30  INFO 49511 --- [studentProfile] [http-nio-8080-exec-6] c.s.s.filters.JwtValidationFilter        :  jwt token eyJhbGciOiJIUzI1NiJ9.eyJzdWIiOiJ1c2VyMTEiLCJyb2xlcyI6WyJST0xFX1RFQUNIRVIiXSwiaWF0IjoxNzM5NzMwMzEzLCJleHAiOjE3Mzk3MzA5MTN9.7k1fSphH3lyYUOdELsYs9O0tZ3TPS-1AltYU0tfmuiM
2025-02-16T23:55:28.015+05:30  INFO 49511 --- [studentProfile] [http-nio-8080-exec-6] c.s.s.utils.JwtTokenProvider             : username user11
2025-02-16T23:55:28.021+05:30  INFO 49511 --- [studentProfile] [http-nio-8080-exec-6] c.s.s.filters.JwtValidationFilter        : authentication:UsernamePasswordAuthenticationToken [Principal=org.springframework.security.core.userdetails.User [Username=user11, Password=[PROTECTED], Enabled=true, AccountNonExpired=true, CredentialsNonExpired=true, AccountNonLocked=true, Granted Authorities=[ROLE_TEACHER]], Credentials=[PROTECTED], Authenticated=true, Details=null, Granted Authorities=[ROLE_TEACHER]]
2025-02-16T23:55:28.021+05:30  INFO 49511 --- [studentProfile] [http-nio-8080-exec-6] c.s.studentProfile.config.LoggingFilter  : logging incoming request: 0:0:0:0:0:0:0:1
2025-02-16T23:57:13.937+05:30 TRACE 49511 --- [studentProfile] [http-nio-8080-exec-8] c.s.s.filters.JwtAuthenticationFilter    : Did not match request to Ant [pattern='/auth/login']
2025-02-16T23:57:13.938+05:30  INFO 49511 --- [studentProfile] [http-nio-8080-exec-8] c.s.s.filters.JwtValidationFilter        :  jwt token eyJhbGciOiJIUzI1NiJ9.eyJzdWIiOiJ1c2VyMTEiLCJyb2xlcyI6WyJST0xFX1RFQUNIRVIiXSwiaWF0IjoxNzM5NzMwMzEzLCJleHAiOjE3Mzk3MzA5MTN9.7k1fSphH3lyYUOdELsYs9O0tZ3TPS-1AltYU0tfmuiM
2025-02-16T23:57:13.939+05:30  INFO 49511 --- [studentProfile] [http-nio-8080-exec-8] c.s.s.utils.JwtTokenProvider             : username user11
2025-02-16T23:57:13.941+05:30  INFO 49511 --- [studentProfile] [http-nio-8080-exec-8] c.s.s.filters.JwtValidationFilter        : authentication:UsernamePasswordAuthenticationToken [Principal=org.springframework.security.core.userdetails.User [Username=user11, Password=[PROTECTED], Enabled=true, AccountNonExpired=true, CredentialsNonExpired=true, AccountNonLocked=true, Granted Authorities=[ROLE_TEACHER]], Credentials=[PROTECTED], Authenticated=true, Details=null, Granted Authorities=[ROLE_TEACHER]]
2025-02-16T23:57:13.941+05:30  INFO 49511 --- [studentProfile] [http-nio-8080-exec-8] c.s.studentProfile.config.LoggingFilter  : logging incoming request: 0:0:0:0:0:0:0:1
2025-02-16T23:58:40.903+05:30 TRACE 49511 --- [studentProfile] [http-nio-8080-exec-1] c.s.s.filters.JwtAuthenticationFilter    : Did not match request to Ant [pattern='/auth/login']
2025-02-16T23:58:40.903+05:30  INFO 49511 --- [studentProfile] [http-nio-8080-exec-1] c.s.s.filters.JwtValidationFilter        :  jwt token eyJhbGciOiJIUzI1NiJ9.eyJzdWIiOiJ1c2VyMTEiLCJyb2xlcyI6WyJST0xFX1RFQUNIRVIiXSwiaWF0IjoxNzM5NzMwMzEzLCJleHAiOjE3Mzk3MzA5MTN9.7k1fSphH3lyYUOdELsYs9O0tZ3TPS-1AltYU0tfmuiM
2025-02-16T23:58:40.908+05:30  INFO 49511 --- [studentProfile] [http-nio-8080-exec-1] c.s.s.utils.JwtTokenProvider             : username user11
2025-02-16T23:58:40.913+05:30  INFO 49511 --- [studentProfile] [http-nio-8080-exec-1] c.s.s.filters.JwtValidationFilter        : authentication:UsernamePasswordAuthenticationToken [Principal=org.springframework.security.core.userdetails.User [Username=user11, Password=[PROTECTED], Enabled=true, AccountNonExpired=true, CredentialsNonExpired=true, AccountNonLocked=true, Granted Authorities=[ROLE_TEACHER]], Credentials=[PROTECTED], Authenticated=true, Details=null, Granted Authorities=[ROLE_TEACHER]]
2025-02-16T23:58:40.914+05:30  INFO 49511 --- [studentProfile] [http-nio-8080-exec-1] c.s.studentProfile.config.LoggingFilter  : logging incoming request: 0:0:0:0:0:0:0:1
