2025-02-19 10:27:58 [main] INFO  c.s.s.StudentProfileApplication - Starting StudentProfileApplication using Java 23.0.1 with PID 33200 (/Users/harshitabhambhani/Desktop/studentProfile/target/classes started by harshitabhambhani in /Users/harshitabhambhani/Desktop/studentProfile)
2025-02-19 10:27:58 [main] INFO  c.s.s.StudentProfileApplication - No active profile set, falling back to 1 default profile: "default"
2025-02-19 10:27:59 [main] INFO  o.s.b.w.e.tomcat.TomcatWebServer - Tomcat initialized with port 8080 (http)
2025-02-19 10:27:59 [main] INFO  o.a.coyote.http11.Http11NioProtocol - Initializing ProtocolHandler ["http-nio-8080"]
2025-02-19 10:27:59 [main] INFO  o.a.catalina.core.StandardService - Starting service [Tomcat]
2025-02-19 10:27:59 [main] INFO  o.a.catalina.core.StandardEngine - Starting Servlet engine: [Apache Tomcat/10.1.33]
2025-02-19 10:27:59 [main] INFO  o.a.c.c.C.[Tomcat].[localhost].[/] - Initializing Spring embedded WebApplicationContext
2025-02-19 10:27:59 [main] INFO  o.s.b.w.s.c.ServletWebServerApplicationContext - Root WebApplicationContext: initialization completed in 777 ms
2025-02-19 10:27:59 [main] INFO  c.s.s.config.SecurityConfig - inside security config constructor
2025-02-19 10:27:59 [main] INFO  o.s.s.c.a.a.c.InitializeUserDetailsBeanManagerConfigurer$InitializeUserDetailsManagerConfigurer - Global AuthenticationManager configured with UserDetailsService bean with name userService
2025-02-19 10:27:59 [main] INFO  c.s.s.config.SecurityConfig -  inside authentication manager
2025-02-19 10:27:59 [main] INFO  c.s.s.config.SecurityConfig - inside security filter chain
2025-02-19 10:27:59 [main] INFO  c.s.s.config.SecurityConfig - request matchers created
2025-02-19 10:27:59 [main] INFO  c.s.s.f.JwtAuthenticationFilter - inside constructor of auth filter
2025-02-19 10:27:59 [main] INFO  c.s.s.config.SecurityConfig - auth filter created
2025-02-19 10:27:59 [main] INFO  c.s.s.config.SecurityConfig - validation filter created
2025-02-19 10:27:59 [main] INFO  o.a.coyote.http11.Http11NioProtocol - Starting ProtocolHandler ["http-nio-8080"]
2025-02-19 10:27:59 [main] INFO  o.s.b.w.e.tomcat.TomcatWebServer - Tomcat started on port 8080 (http) with context path '/'
2025-02-19 10:27:59 [main] INFO  c.s.s.StudentProfileApplication - Started StudentProfileApplication in 1.621 seconds (process running for 1.969)
2025-02-19 10:28:04 [http-nio-8080-exec-1] INFO  o.a.c.c.C.[Tomcat].[localhost].[/] - Initializing Spring DispatcherServlet 'dispatcherServlet'
2025-02-19 10:28:04 [http-nio-8080-exec-1] INFO  o.s.web.servlet.DispatcherServlet - Initializing Servlet 'dispatcherServlet'
2025-02-19 10:28:04 [http-nio-8080-exec-1] INFO  o.s.web.servlet.DispatcherServlet - Completed initialization in 1 ms
2025-02-19 10:28:04 [http-nio-8080-exec-1] INFO  c.s.s.f.JwtAuthenticationFilter - inside attempt authentication
2025-02-19 10:28:04 [http-nio-8080-exec-1] INFO  c.s.s.f.JwtAuthenticationFilter - credentials using ObjectMapper: com.students.studentProfile.model.User@56fdac2b
2025-02-19 10:28:04 [http-nio-8080-exec-1] INFO  com.zaxxer.hikari.HikariDataSource - HikariPool-1 - Starting...
2025-02-19 10:28:04 [http-nio-8080-exec-1] INFO  com.zaxxer.hikari.pool.HikariPool - HikariPool-1 - Added connection com.mysql.cj.jdbc.ConnectionImpl@3896ddaf
2025-02-19 10:28:04 [http-nio-8080-exec-1] INFO  com.zaxxer.hikari.HikariDataSource - HikariPool-1 - Start completed.
2025-02-19 10:28:04 [http-nio-8080-exec-1] INFO  c.s.s.f.JwtAuthenticationFilter - User details after successful authentication: org.springframework.security.core.userdetails.User [Username=user15, Password=[PROTECTED], Enabled=true, AccountNonExpired=true, CredentialsNonExpired=true, AccountNonLocked=true, Granted Authorities=[ROLE_TEACHER]]
2025-02-19 10:29:15 [http-nio-8080-exec-5] INFO  c.s.s.filters.JwtValidationFilter -  jwt token eyJhbGciOiJIUzI1NiJ9.eyJzdWIiOiJ1c2VyMTUiLCJyb2xlcyI6WyJST0xFX1RFQUNIRVIiXSwiaWF0IjoxNzM5ODY0NTgwLCJleHAiOjE3Mzk4NjUxODB9.akqY0sT2YfWS-yfvc1GUqimQoVscjf4gsIt_J38Pp1s
2025-02-19 10:29:15 [http-nio-8080-exec-5] ERROR c.s.s.utils.JwtTokenProvider - Invalid JWT token: JWT expired at 2025-02-18T07:53:00Z. Current time: 2025-02-19T04:59:15Z, a difference of 75975563 milliseconds.  Allowed clock skew: 0 milliseconds.
2025-02-19 10:29:15 [http-nio-8080-exec-5] INFO  c.s.s.filters.JwtValidationFilter -  jwt token eyJhbGciOiJIUzI1NiJ9.eyJzdWIiOiJ1c2VyMTUiLCJyb2xlcyI6WyJST0xFX1RFQUNIRVIiXSwiaWF0IjoxNzM5ODY0NTgwLCJleHAiOjE3Mzk4NjUxODB9.akqY0sT2YfWS-yfvc1GUqimQoVscjf4gsIt_J38Pp1s
2025-02-19 10:29:15 [http-nio-8080-exec-5] ERROR c.s.s.utils.JwtTokenProvider - Invalid JWT token: JWT expired at 2025-02-18T07:53:00Z. Current time: 2025-02-19T04:59:15Z, a difference of 75975568 milliseconds.  Allowed clock skew: 0 milliseconds.
2025-02-19 10:29:29 [http-nio-8080-exec-6] INFO  c.s.s.filters.JwtValidationFilter -  jwt token eyJhbGciOiJIUzI1NiJ9.eyJzdWIiOiJ1c2VyMTUiLCJyb2xlcyI6WyJST0xFX1RFQUNIRVIiXSwiaWF0IjoxNzM5OTQxMDg0LCJleHAiOjE3Mzk5NDE2ODR9.wpnSj-kHXxYnw-ThpJks_T9-tFTRReYOuGFfpHwJLiE
2025-02-19 10:29:29 [http-nio-8080-exec-6] INFO  c.s.s.utils.JwtTokenProvider - username user15
2025-02-19 10:29:29 [http-nio-8080-exec-6] INFO  c.s.s.filters.JwtValidationFilter - authentication:UsernamePasswordAuthenticationToken [Principal=org.springframework.security.core.userdetails.User [Username=user15, Password=[PROTECTED], Enabled=true, AccountNonExpired=true, CredentialsNonExpired=true, AccountNonLocked=true, Granted Authorities=[ROLE_TEACHER]], Credentials=[PROTECTED], Authenticated=true, Details=null, Granted Authorities=[ROLE_TEACHER]]
2025-02-19 10:29:29 [http-nio-8080-exec-6] INFO  c.s.s.config.LoggingFilter - logging incoming request: 0:0:0:0:0:0:0:1
2025-02-19 10:29:29 [http-nio-8080-exec-6] INFO  c.s.s.repository.StudentRepository - offset is: 0
2025-02-19 10:30:41 [SpringApplicationShutdownHook] INFO  o.s.b.w.e.tomcat.GracefulShutdown - Commencing graceful shutdown. Waiting for active requests to complete
2025-02-19 10:30:41 [tomcat-shutdown] INFO  o.s.b.w.e.tomcat.GracefulShutdown - Graceful shutdown complete
2025-02-19 10:30:41 [SpringApplicationShutdownHook] INFO  com.zaxxer.hikari.HikariDataSource - HikariPool-1 - Shutdown initiated...
2025-02-19 10:30:41 [SpringApplicationShutdownHook] INFO  com.zaxxer.hikari.HikariDataSource - HikariPool-1 - Shutdown completed.
2025-02-19 10:30:42 [main] INFO  c.s.s.StudentProfileApplication - Starting StudentProfileApplication using Java 23.0.1 with PID 34917 (/Users/harshitabhambhani/Desktop/studentProfile/target/classes started by harshitabhambhani in /Users/harshitabhambhani/Desktop/studentProfile)
2025-02-19 10:30:42 [main] INFO  c.s.s.StudentProfileApplication - No active profile set, falling back to 1 default profile: "default"
2025-02-19 10:30:43 [main] INFO  o.s.b.w.e.tomcat.TomcatWebServer - Tomcat initialized with port 8080 (http)
2025-02-19 10:30:43 [main] INFO  o.a.coyote.http11.Http11NioProtocol - Initializing ProtocolHandler ["http-nio-8080"]
2025-02-19 10:30:43 [main] INFO  o.a.catalina.core.StandardService - Starting service [Tomcat]
2025-02-19 10:30:43 [main] INFO  o.a.catalina.core.StandardEngine - Starting Servlet engine: [Apache Tomcat/10.1.33]
2025-02-19 10:30:43 [main] INFO  o.a.c.c.C.[Tomcat].[localhost].[/] - Initializing Spring embedded WebApplicationContext
2025-02-19 10:30:43 [main] INFO  o.s.b.w.s.c.ServletWebServerApplicationContext - Root WebApplicationContext: initialization completed in 767 ms
2025-02-19 10:30:43 [main] INFO  c.s.s.config.SecurityConfig - inside security config constructor
2025-02-19 10:30:43 [main] INFO  o.s.s.c.a.a.c.InitializeUserDetailsBeanManagerConfigurer$InitializeUserDetailsManagerConfigurer - Global AuthenticationManager configured with UserDetailsService bean with name userService
2025-02-19 10:30:43 [main] INFO  c.s.s.config.SecurityConfig -  inside authentication manager
2025-02-19 10:30:43 [main] INFO  c.s.s.config.SecurityConfig - inside security filter chain
2025-02-19 10:30:43 [main] INFO  c.s.s.config.SecurityConfig - request matchers created
2025-02-19 10:30:43 [main] INFO  c.s.s.f.JwtAuthenticationFilter - inside constructor of auth filter
2025-02-19 10:30:43 [main] INFO  c.s.s.config.SecurityConfig - auth filter created
2025-02-19 10:30:43 [main] INFO  c.s.s.config.SecurityConfig - validation filter created
2025-02-19 10:30:43 [main] INFO  o.a.coyote.http11.Http11NioProtocol - Starting ProtocolHandler ["http-nio-8080"]
2025-02-19 10:30:43 [main] INFO  o.s.b.w.e.tomcat.TomcatWebServer - Tomcat started on port 8080 (http) with context path '/'
2025-02-19 10:30:43 [main] INFO  c.s.s.StudentProfileApplication - Started StudentProfileApplication in 1.629 seconds (process running for 2.042)
2025-02-19 10:30:49 [http-nio-8080-exec-2] INFO  o.a.c.c.C.[Tomcat].[localhost].[/] - Initializing Spring DispatcherServlet 'dispatcherServlet'
2025-02-19 10:30:49 [http-nio-8080-exec-2] INFO  o.s.web.servlet.DispatcherServlet - Initializing Servlet 'dispatcherServlet'
2025-02-19 10:30:49 [http-nio-8080-exec-2] INFO  o.s.web.servlet.DispatcherServlet - Completed initialization in 1 ms
2025-02-19 10:30:49 [http-nio-8080-exec-2] INFO  c.s.s.f.JwtAuthenticationFilter - inside attempt authentication
2025-02-19 10:30:49 [http-nio-8080-exec-2] INFO  c.s.s.f.JwtAuthenticationFilter - credentials using ObjectMapper: com.students.studentProfile.model.User@ef0dd6f
2025-02-19 10:30:49 [http-nio-8080-exec-2] INFO  com.zaxxer.hikari.HikariDataSource - HikariPool-1 - Starting...
2025-02-19 10:30:49 [http-nio-8080-exec-2] INFO  com.zaxxer.hikari.pool.HikariPool - HikariPool-1 - Added connection com.mysql.cj.jdbc.ConnectionImpl@4dff557f
2025-02-19 10:30:49 [http-nio-8080-exec-2] INFO  com.zaxxer.hikari.HikariDataSource - HikariPool-1 - Start completed.
2025-02-19 10:30:49 [http-nio-8080-exec-2] INFO  c.s.s.f.JwtAuthenticationFilter - User details after successful authentication: org.springframework.security.core.userdetails.User [Username=user15, Password=[PROTECTED], Enabled=true, AccountNonExpired=true, CredentialsNonExpired=true, AccountNonLocked=true, Granted Authorities=[ROLE_TEACHER]]
2025-02-19 10:31:51 [http-nio-8080-exec-5] INFO  c.s.s.filters.JwtValidationFilter -  jwt token eyJhbGciOiJIUzI1NiJ9.eyJzdWIiOiJ1c2VyMTUiLCJyb2xlcyI6WyJST0xFX1RFQUNIRVIiXSwiaWF0IjoxNzM5OTQxMjQ5LCJleHAiOjE3Mzk5NDE4NDl9.V-rXa0aMdxhfiFDgyehmlgVJVg5iut2mCXUNr-AFvjI
2025-02-19 10:31:51 [http-nio-8080-exec-5] INFO  c.s.s.utils.JwtTokenProvider - username user15
2025-02-19 10:31:51 [http-nio-8080-exec-5] INFO  c.s.s.filters.JwtValidationFilter - authentication:UsernamePasswordAuthenticationToken [Principal=org.springframework.security.core.userdetails.User [Username=user15, Password=[PROTECTED], Enabled=true, AccountNonExpired=true, CredentialsNonExpired=true, AccountNonLocked=true, Granted Authorities=[ROLE_TEACHER]], Credentials=[PROTECTED], Authenticated=true, Details=null, Granted Authorities=[ROLE_TEACHER]]
2025-02-19 10:31:51 [http-nio-8080-exec-5] INFO  c.s.s.config.LoggingFilter - logging incoming request: 0:0:0:0:0:0:0:1
2025-02-19 10:31:51 [http-nio-8080-exec-5] INFO  c.s.s.repository.StudentRepository - offset is: 0
2025-02-19 10:32:00 [http-nio-8080-exec-6] INFO  c.s.s.filters.JwtValidationFilter -  jwt token eyJhbGciOiJIUzI1NiJ9.eyJzdWIiOiJ1c2VyMTUiLCJyb2xlcyI6WyJST0xFX1RFQUNIRVIiXSwiaWF0IjoxNzM5ODEyMzE0LCJleHAiOjE3Mzk4MTI5MTR9.RfNEqLynPOurav6qLenkZYyBST6UCUfuOYbQ-fHVXrM
2025-02-19 10:32:00 [http-nio-8080-exec-6] ERROR c.s.s.utils.JwtTokenProvider - Invalid JWT token: JWT expired at 2025-02-17T17:21:54Z. Current time: 2025-02-19T05:02:00Z, a difference of 128406379 milliseconds.  Allowed clock skew: 0 milliseconds.
2025-02-19 10:32:00 [http-nio-8080-exec-6] INFO  c.s.s.filters.JwtValidationFilter -  jwt token eyJhbGciOiJIUzI1NiJ9.eyJzdWIiOiJ1c2VyMTUiLCJyb2xlcyI6WyJST0xFX1RFQUNIRVIiXSwiaWF0IjoxNzM5ODEyMzE0LCJleHAiOjE3Mzk4MTI5MTR9.RfNEqLynPOurav6qLenkZYyBST6UCUfuOYbQ-fHVXrM
2025-02-19 10:32:00 [http-nio-8080-exec-6] ERROR c.s.s.utils.JwtTokenProvider - Invalid JWT token: JWT expired at 2025-02-17T17:21:54Z. Current time: 2025-02-19T05:02:00Z, a difference of 128406384 milliseconds.  Allowed clock skew: 0 milliseconds.
2025-02-19 10:32:06 [http-nio-8080-exec-7] INFO  c.s.s.filters.JwtValidationFilter -  jwt token eyJhbGciOiJIUzI1NiJ9.eyJzdWIiOiJ1c2VyMTUiLCJyb2xlcyI6WyJST0xFX1RFQUNIRVIiXSwiaWF0IjoxNzM5OTQxMjQ5LCJleHAiOjE3Mzk5NDE4NDl9.V-rXa0aMdxhfiFDgyehmlgVJVg5iut2mCXUNr-AFvjI
2025-02-19 10:32:06 [http-nio-8080-exec-7] INFO  c.s.s.utils.JwtTokenProvider - username user15
2025-02-19 10:32:06 [http-nio-8080-exec-7] INFO  c.s.s.filters.JwtValidationFilter - authentication:UsernamePasswordAuthenticationToken [Principal=org.springframework.security.core.userdetails.User [Username=user15, Password=[PROTECTED], Enabled=true, AccountNonExpired=true, CredentialsNonExpired=true, AccountNonLocked=true, Granted Authorities=[ROLE_TEACHER]], Credentials=[PROTECTED], Authenticated=true, Details=null, Granted Authorities=[ROLE_TEACHER]]
2025-02-19 10:32:06 [http-nio-8080-exec-7] INFO  c.s.s.config.LoggingFilter - logging incoming request: 0:0:0:0:0:0:0:1
2025-02-19 10:40:05 [SpringApplicationShutdownHook] INFO  o.s.b.w.e.tomcat.GracefulShutdown - Commencing graceful shutdown. Waiting for active requests to complete
2025-02-19 10:40:05 [tomcat-shutdown] INFO  o.s.b.w.e.tomcat.GracefulShutdown - Graceful shutdown complete
2025-02-19 10:40:05 [SpringApplicationShutdownHook] INFO  com.zaxxer.hikari.HikariDataSource - HikariPool-1 - Shutdown initiated...
2025-02-19 10:40:05 [SpringApplicationShutdownHook] INFO  com.zaxxer.hikari.HikariDataSource - HikariPool-1 - Shutdown completed.
2025-02-19 10:40:06 [main] INFO  c.s.s.StudentProfileApplication - Starting StudentProfileApplication using Java 23.0.1 with PID 40794 (/Users/harshitabhambhani/Desktop/studentProfile/target/classes started by harshitabhambhani in /Users/harshitabhambhani/Desktop/studentProfile)
2025-02-19 10:40:06 [main] INFO  c.s.s.StudentProfileApplication - No active profile set, falling back to 1 default profile: "default"
2025-02-19 10:40:07 [main] INFO  o.s.b.w.e.tomcat.TomcatWebServer - Tomcat initialized with port 8080 (http)
2025-02-19 10:40:07 [main] INFO  o.a.coyote.http11.Http11NioProtocol - Initializing ProtocolHandler ["http-nio-8080"]
2025-02-19 10:40:07 [main] INFO  o.a.catalina.core.StandardService - Starting service [Tomcat]
2025-02-19 10:40:07 [main] INFO  o.a.catalina.core.StandardEngine - Starting Servlet engine: [Apache Tomcat/10.1.33]
2025-02-19 10:40:07 [main] INFO  o.a.c.c.C.[Tomcat].[localhost].[/] - Initializing Spring embedded WebApplicationContext
2025-02-19 10:40:07 [main] INFO  o.s.b.w.s.c.ServletWebServerApplicationContext - Root WebApplicationContext: initialization completed in 738 ms
2025-02-19 10:40:07 [main] INFO  c.s.s.config.SecurityConfig - inside security config constructor
2025-02-19 10:40:07 [main] INFO  o.s.s.c.a.a.c.InitializeUserDetailsBeanManagerConfigurer$InitializeUserDetailsManagerConfigurer - Global AuthenticationManager configured with UserDetailsService bean with name userService
2025-02-19 10:40:07 [main] INFO  c.s.s.config.SecurityConfig -  inside authentication manager
2025-02-19 10:40:08 [main] INFO  c.s.s.config.SecurityConfig - inside security filter chain
2025-02-19 10:40:08 [main] INFO  c.s.s.config.SecurityConfig - request matchers created
2025-02-19 10:40:08 [main] INFO  c.s.s.f.JwtAuthenticationFilter - inside constructor of auth filter
2025-02-19 10:40:08 [main] INFO  c.s.s.config.SecurityConfig - auth filter created
2025-02-19 10:40:08 [main] INFO  c.s.s.config.SecurityConfig - validation filter created
2025-02-19 10:40:08 [main] INFO  o.a.coyote.http11.Http11NioProtocol - Starting ProtocolHandler ["http-nio-8080"]
2025-02-19 10:40:08 [main] INFO  o.s.b.w.e.tomcat.TomcatWebServer - Tomcat started on port 8080 (http) with context path '/'
2025-02-19 10:40:08 [main] INFO  c.s.s.StudentProfileApplication - Started StudentProfileApplication in 1.529 seconds (process running for 1.867)
2025-02-19 10:40:12 [http-nio-8080-exec-1] INFO  o.a.c.c.C.[Tomcat].[localhost].[/] - Initializing Spring DispatcherServlet 'dispatcherServlet'
2025-02-19 10:40:12 [http-nio-8080-exec-1] INFO  o.s.web.servlet.DispatcherServlet - Initializing Servlet 'dispatcherServlet'
2025-02-19 10:40:12 [http-nio-8080-exec-1] INFO  o.s.web.servlet.DispatcherServlet - Completed initialization in 1 ms
2025-02-19 10:41:30 [SpringApplicationShutdownHook] INFO  o.s.b.w.e.tomcat.GracefulShutdown - Commencing graceful shutdown. Waiting for active requests to complete
2025-02-19 10:41:30 [tomcat-shutdown] INFO  o.s.b.w.e.tomcat.GracefulShutdown - Graceful shutdown complete
2025-02-19 10:41:32 [main] INFO  c.s.s.StudentProfileApplication - Starting StudentProfileApplication using Java 23.0.1 with PID 41661 (/Users/harshitabhambhani/Desktop/studentProfile/target/classes started by harshitabhambhani in /Users/harshitabhambhani/Desktop/studentProfile)
2025-02-19 10:41:32 [main] INFO  c.s.s.StudentProfileApplication - No active profile set, falling back to 1 default profile: "default"
2025-02-19 10:41:33 [main] INFO  o.s.b.w.e.tomcat.TomcatWebServer - Tomcat initialized with port 8080 (http)
2025-02-19 10:41:33 [main] INFO  o.a.coyote.http11.Http11NioProtocol - Initializing ProtocolHandler ["http-nio-8080"]
2025-02-19 10:41:33 [main] INFO  o.a.catalina.core.StandardService - Starting service [Tomcat]
2025-02-19 10:41:33 [main] INFO  o.a.catalina.core.StandardEngine - Starting Servlet engine: [Apache Tomcat/10.1.33]
2025-02-19 10:41:33 [main] INFO  o.a.c.c.C.[Tomcat].[localhost].[/] - Initializing Spring embedded WebApplicationContext
2025-02-19 10:41:33 [main] INFO  o.s.b.w.s.c.ServletWebServerApplicationContext - Root WebApplicationContext: initialization completed in 763 ms
2025-02-19 10:41:33 [main] INFO  c.s.s.config.SecurityConfig - inside security config constructor
2025-02-19 10:41:33 [main] INFO  o.s.s.c.a.a.c.InitializeUserDetailsBeanManagerConfigurer$InitializeUserDetailsManagerConfigurer - Global AuthenticationManager configured with UserDetailsService bean with name userService
2025-02-19 10:41:33 [main] INFO  c.s.s.config.SecurityConfig -  inside authentication manager
2025-02-19 10:41:33 [main] INFO  c.s.s.config.SecurityConfig - Inside security filter chain
2025-02-19 10:41:33 [main] INFO  c.s.s.config.SecurityConfig - Request matchers created
2025-02-19 10:41:33 [main] INFO  c.s.s.f.JwtAuthenticationFilter - inside constructor of auth filter
2025-02-19 10:41:33 [main] INFO  c.s.s.config.SecurityConfig - Auth filter created
2025-02-19 10:41:33 [main] INFO  c.s.s.config.SecurityConfig - Validation filter created
2025-02-19 10:41:33 [main] INFO  o.a.coyote.http11.Http11NioProtocol - Starting ProtocolHandler ["http-nio-8080"]
2025-02-19 10:41:33 [main] INFO  o.s.b.w.e.tomcat.TomcatWebServer - Tomcat started on port 8080 (http) with context path '/'
2025-02-19 10:41:33 [main] INFO  c.s.s.StudentProfileApplication - Started StudentProfileApplication in 1.57 seconds (process running for 1.933)
2025-02-19 10:42:15 [http-nio-8080-exec-1] INFO  o.a.c.c.C.[Tomcat].[localhost].[/] - Initializing Spring DispatcherServlet 'dispatcherServlet'
2025-02-19 10:42:15 [http-nio-8080-exec-1] INFO  o.s.web.servlet.DispatcherServlet - Initializing Servlet 'dispatcherServlet'
2025-02-19 10:42:15 [http-nio-8080-exec-1] INFO  o.s.web.servlet.DispatcherServlet - Completed initialization in 1 ms
2025-02-19 10:42:15 [http-nio-8080-exec-1] INFO  c.s.s.filters.JwtValidationFilter -  jwt token eyJhbGciOiJIUzI1NiJ9.eyJzdWIiOiJ1c2VyMTUiLCJyb2xlcyI6WyJST0xFX1RFQUNIRVIiXSwiaWF0IjoxNzM5OTQxMjQ5LCJleHAiOjE3Mzk5NDE4NDl9.V-rXa0aMdxhfiFDgyehmlgVJVg5iut2mCXUNr-AFvjI
2025-02-19 10:42:15 [http-nio-8080-exec-1] ERROR c.s.s.utils.JwtTokenProvider - Invalid JWT token: JWT expired at 2025-02-19T05:10:49Z. Current time: 2025-02-19T05:12:15Z, a difference of 86589 milliseconds.  Allowed clock skew: 0 milliseconds.
2025-02-19 10:42:15 [http-nio-8080-exec-1] INFO  c.s.s.filters.JwtValidationFilter -  jwt token eyJhbGciOiJIUzI1NiJ9.eyJzdWIiOiJ1c2VyMTUiLCJyb2xlcyI6WyJST0xFX1RFQUNIRVIiXSwiaWF0IjoxNzM5OTQxMjQ5LCJleHAiOjE3Mzk5NDE4NDl9.V-rXa0aMdxhfiFDgyehmlgVJVg5iut2mCXUNr-AFvjI
2025-02-19 10:42:15 [http-nio-8080-exec-1] ERROR c.s.s.utils.JwtTokenProvider - Invalid JWT token: JWT expired at 2025-02-19T05:10:49Z. Current time: 2025-02-19T05:12:15Z, a difference of 86594 milliseconds.  Allowed clock skew: 0 milliseconds.
2025-02-19 10:42:21 [http-nio-8080-exec-3] INFO  c.s.s.f.JwtAuthenticationFilter - inside attempt authentication
2025-02-19 10:42:21 [http-nio-8080-exec-3] INFO  c.s.s.f.JwtAuthenticationFilter - credentials using ObjectMapper: com.students.studentProfile.model.User@1a896e9d
2025-02-19 10:42:21 [http-nio-8080-exec-3] INFO  com.zaxxer.hikari.HikariDataSource - HikariPool-1 - Starting...
2025-02-19 10:42:21 [http-nio-8080-exec-3] INFO  com.zaxxer.hikari.pool.HikariPool - HikariPool-1 - Added connection com.mysql.cj.jdbc.ConnectionImpl@26cb50e7
2025-02-19 10:42:21 [http-nio-8080-exec-3] INFO  com.zaxxer.hikari.HikariDataSource - HikariPool-1 - Start completed.
2025-02-19 10:42:21 [http-nio-8080-exec-3] INFO  c.s.s.f.JwtAuthenticationFilter - User details after successful authentication: org.springframework.security.core.userdetails.User [Username=user15, Password=[PROTECTED], Enabled=true, AccountNonExpired=true, CredentialsNonExpired=true, AccountNonLocked=true, Granted Authorities=[ROLE_TEACHER]]
2025-02-19 10:42:32 [http-nio-8080-exec-4] INFO  c.s.s.filters.JwtValidationFilter -  jwt token eyJhbGciOiJIUzI1NiJ9.eyJzdWIiOiJ1c2VyMTUiLCJyb2xlcyI6WyJST0xFX1RFQUNIRVIiXSwiaWF0IjoxNzM5OTQxOTQxLCJleHAiOjE3Mzk5NDI1NDF9.08aIJ1jTF_rAxJhK-Aym3pRA0BQr0QvKzn4Mf-AKPiQ
2025-02-19 10:42:32 [http-nio-8080-exec-4] INFO  c.s.s.utils.JwtTokenProvider - username user15
2025-02-19 10:42:32 [http-nio-8080-exec-4] INFO  c.s.s.filters.JwtValidationFilter - authentication:UsernamePasswordAuthenticationToken [Principal=org.springframework.security.core.userdetails.User [Username=user15, Password=[PROTECTED], Enabled=true, AccountNonExpired=true, CredentialsNonExpired=true, AccountNonLocked=true, Granted Authorities=[ROLE_TEACHER]], Credentials=[PROTECTED], Authenticated=true, Details=null, Granted Authorities=[ROLE_TEACHER]]
2025-02-19 10:42:32 [http-nio-8080-exec-4] INFO  c.s.s.config.LoggingFilter - logging incoming request: 0:0:0:0:0:0:0:1
2025-02-19 10:42:32 [http-nio-8080-exec-4] INFO  c.s.s.repository.StudentRepository - offset is: 3
2025-02-19 11:39:13 [SpringApplicationShutdownHook] INFO  o.s.b.w.e.tomcat.GracefulShutdown - Commencing graceful shutdown. Waiting for active requests to complete
2025-02-19 11:39:13 [tomcat-shutdown] INFO  o.s.b.w.e.tomcat.GracefulShutdown - Graceful shutdown complete
2025-02-19 11:39:13 [SpringApplicationShutdownHook] INFO  com.zaxxer.hikari.HikariDataSource - HikariPool-1 - Shutdown initiated...
2025-02-19 11:39:13 [SpringApplicationShutdownHook] INFO  com.zaxxer.hikari.HikariDataSource - HikariPool-1 - Shutdown completed.
